<?xml version="1.0" encoding="UTF-8"?>
<!-- Generated by org.testng.reporters.JUnitReportReporter -->
<testsuite hostname="LAP-KARTHIGA" failures="0" tests="1" name="KarthigaAcademy.product.ErrorMessageValidation" time="11.812" errors="0" timestamp="18 Sep 2023 14:52:28 GMT" skipped="0">
  <testcase classname="KarthigaAcademy.product.ErrorMessageValidation" name="submitOrder" time="11.812"/>
</testsuite> <!-- KarthigaAcademy.product.ErrorMessageValidation -->
