<?xml version="1.0" encoding="UTF-8"?>
<!-- Generated by org.testng.reporters.JUnitReportReporter -->
<testsuite hostname="LAP-KARTHIGA" failures="0" tests="3" name="KarthigaAcademy.product.StandAloneTest" time="37.768" errors="0" timestamp="20 Sep 2023 14:28:05 GMT" skipped="0">
  <testcase classname="KarthigaAcademy.product.StandAloneTest" name="OrderHistory" time="9.358"/>
  <testcase classname="KarthigaAcademy.product.StandAloneTest" name="submitOrderForSelectedProduct" time="13.249"/>
  <testcase classname="KarthigaAcademy.product.StandAloneTest" name="submitOrderForSelectedProduct" time="15.161"/>
</testsuite> <!-- KarthigaAcademy.product.StandAloneTest -->
